Determining if the pthread_create exist failed with the following output:
Change Dir: /home/darby/catkin_ws/src/turtlebot3_simulations/turtlebot3_gazebo_plugin/build/CMakeFiles/CMakeTmp

Run Build Command:"/usr/bin/make" "cmTC_59760/fast"
/usr/bin/make -f CMakeFiles/cmTC_59760.dir/build.make CMakeFiles/cmTC_59760.dir/build
make[1]: Entering directory '/home/darby/catkin_ws/src/turtlebot3_simulations/turtlebot3_gazebo_plugin/build/CMakeFiles/CMakeTmp'
Building C object CMakeFiles/cmTC_59760.dir/CheckSymbolExists.c.o
/usr/bin/cc     -o CMakeFiles/cmTC_59760.dir/CheckSymbolExists.c.o   -c /home/darby/catkin_ws/src/turtlebot3_simulations/turtlebot3_gazebo_plugin/build/CMakeFiles/CMakeTmp/CheckSymbolExists.c
Linking C executable cmTC_59760
/usr/bin/cmake -E cmake_link_script CMakeFiles/cmTC_59760.dir/link.txt --verbose=1
/usr/bin/cc       CMakeFiles/cmTC_59760.dir/CheckSymbolExists.c.o  -o cmTC_59760 -rdynamic 
CMakeFiles/cmTC_59760.dir/CheckSymbolExists.c.o: In function `main':
CheckSymbolExists.c:(.text+0x16): undefined reference to `pthread_create'
collect2: error: ld returned 1 exit status
CMakeFiles/cmTC_59760.dir/build.make:97: recipe for target 'cmTC_59760' failed
make[1]: *** [cmTC_59760] Error 1
make[1]: Leaving directory '/home/darby/catkin_ws/src/turtlebot3_simulations/turtlebot3_gazebo_plugin/build/CMakeFiles/CMakeTmp'
Makefile:126: recipe for target 'cmTC_59760/fast' failed
make: *** [cmTC_59760/fast] Error 2

File /home/darby/catkin_ws/src/turtlebot3_simulations/turtlebot3_gazebo_plugin/build/CMakeFiles/CMakeTmp/CheckSymbolExists.c:
/* */
#include <pthread.h>

int main(int argc, char** argv)
{
  (void)argv;
#ifndef pthread_create
  return ((int*)(&pthread_create))[argc];
#else
  (void)argc;
  return 0;
#endif
}

Determining if the function pthread_create exists in the pthreads failed with the following output:
Change Dir: /home/darby/catkin_ws/src/turtlebot3_simulations/turtlebot3_gazebo_plugin/build/CMakeFiles/CMakeTmp

Run Build Command:"/usr/bin/make" "cmTC_73bbc/fast"
/usr/bin/make -f CMakeFiles/cmTC_73bbc.dir/build.make CMakeFiles/cmTC_73bbc.dir/build
make[1]: Entering directory '/home/darby/catkin_ws/src/turtlebot3_simulations/turtlebot3_gazebo_plugin/build/CMakeFiles/CMakeTmp'
Building C object CMakeFiles/cmTC_73bbc.dir/CheckFunctionExists.c.o
/usr/bin/cc    -DCHECK_FUNCTION_EXISTS=pthread_create   -o CMakeFiles/cmTC_73bbc.dir/CheckFunctionExists.c.o   -c /usr/share/cmake-3.5/Modules/CheckFunctionExists.c
Linking C executable cmTC_73bbc
/usr/bin/cmake -E cmake_link_script CMakeFiles/cmTC_73bbc.dir/link.txt --verbose=1
/usr/bin/cc   -DCHECK_FUNCTION_EXISTS=pthread_create    CMakeFiles/cmTC_73bbc.dir/CheckFunctionExists.c.o  -o cmTC_73bbc -rdynamic -lpthreads 
/usr/bin/ld: cannot find -lpthreads
collect2: error: ld returned 1 exit status
CMakeFiles/cmTC_73bbc.dir/build.make:97: recipe for target 'cmTC_73bbc' failed
make[1]: *** [cmTC_73bbc] Error 1
make[1]: Leaving directory '/home/darby/catkin_ws/src/turtlebot3_simulations/turtlebot3_gazebo_plugin/build/CMakeFiles/CMakeTmp'
Makefile:126: recipe for target 'cmTC_73bbc/fast' failed
make: *** [cmTC_73bbc/fast] Error 2


